<?xml version="1.0" encoding="UTF-8"?>
<testsuite xmlns:xsi="http://www.w3.org/2001/XMLSchema-instance" xsi:noNamespaceSchemaLocation="https://maven.apache.org/surefire/maven-surefire-plugin/xsd/surefire-test-report.xsd" name="org.kie.kogito.RestQueryTest" time="11.539" tests="2" errors="0" skipped="0" failures="0">
  <properties>
    <property name="awt.toolkit" value="sun.awt.X11.XToolkit"/>
    <property name="java.specification.version" value="11"/>
    <property name="sun.cpu.isalist" value=""/>
    <property name="sun.jnu.encoding" value="UTF-8"/>
    <property name="java.class.path" value="/home/lmolteni/git/kogito-dmn-validator/target/test-classes:/home/lmolteni/git/kogito-dmn-validator/target/classes:/home/lmolteni/.m2/repository/org/kie/kogito/kogito-quarkus/8.0.0-SNAPSHOT/kogito-quarkus-8.0.0-SNAPSHOT.jar:/home/lmolteni/.m2/repository/io/quarkus/quarkus-core/1.6.0.Final/quarkus-core-1.6.0.Final.jar:/home/lmolteni/.m2/repository/jakarta/enterprise/jakarta.enterprise.cdi-api/2.0.2/jakarta.enterprise.cdi-api-2.0.2.jar:/home/lmolteni/.m2/repository/jakarta/el/jakarta.el-api/3.0.3/jakarta.el-api-3.0.3.jar:/home/lmolteni/.m2/repository/jakarta/interceptor/jakarta.interceptor-api/1.2.5/jakarta.interceptor-api-1.2.5.jar:/home/lmolteni/.m2/repository/jakarta/inject/jakarta.inject-api/1.0/jakarta.inject-api-1.0.jar:/home/lmolteni/.m2/repository/io/quarkus/quarkus-ide-launcher/1.6.0.Final/quarkus-ide-launcher-1.6.0.Final.jar:/home/lmolteni/.m2/repository/io/quarkus/quarkus-development-mode-spi/1.6.0.Final/quarkus-development-mode-spi-1.6.0.Final.jar:/home/lmolteni/.m2/repository/io/smallrye/config/smallrye-config/1.8.1/smallrye-config-1.8.1.jar:/home/lmolteni/.m2/repository/io/smallrye/common/smallrye-common-annotation/1.0.2/smallrye-common-annotation-1.0.2.jar:/home/lmolteni/.m2/repository/io/smallrye/config/smallrye-config-common/1.8.1/smallrye-config-common-1.8.1.jar:/home/lmolteni/.m2/repository/io/smallrye/common/smallrye-common-expression/1.0.2/smallrye-common-expression-1.0.2.jar:/home/lmolteni/.m2/repository/io/smallrye/common/smallrye-common-function/1.0.2/smallrye-common-function-1.0.2.jar:/home/lmolteni/.m2/repository/io/smallrye/common/smallrye-common-constraint/1.0.2/smallrye-common-constraint-1.0.2.jar:/home/lmolteni/.m2/repository/org/jboss/logging/jboss-logging/3.3.2.Final/jboss-logging-3.3.2.Final.jar:/home/lmolteni/.m2/repository/org/jboss/logmanager/jboss-logmanager-embedded/1.0.4/jboss-logmanager-embedded-1.0.4.jar:/home/lmolteni/.m2/repository/org/jboss/logging/jboss-logging-annotations/2.1.0.Final/jboss-logging-annotations-2.1.0.Final.jar:/home/lmolteni/.m2/repository/org/jboss/threads/jboss-threads/3.1.1.Final/jboss-threads-3.1.1.Final.jar:/home/lmolteni/.m2/repository/org/jboss/slf4j/slf4j-jboss-logging/1.2.0.Final/slf4j-jboss-logging-1.2.0.Final.jar:/home/lmolteni/.m2/repository/org/graalvm/sdk/graal-sdk/20.1.0/graal-sdk-20.1.0.jar:/home/lmolteni/.m2/repository/org/wildfly/common/wildfly-common/1.5.4.Final-format-001/wildfly-common-1.5.4.Final-format-001.jar:/home/lmolteni/.m2/repository/io/quarkus/quarkus-bootstrap-runner/1.6.0.Final/quarkus-bootstrap-runner-1.6.0.Final.jar:/home/lmolteni/.m2/repository/io/quarkus/arc/arc-processor/1.6.0.Final/arc-processor-1.6.0.Final.jar:/home/lmolteni/.m2/repository/org/jboss/jandex/2.1.3.Final/jandex-2.1.3.Final.jar:/home/lmolteni/.m2/repository/io/quarkus/gizmo/gizmo/1.0.3.Final/gizmo-1.0.3.Final.jar:/home/lmolteni/.m2/repository/org/ow2/asm/asm/8.0.1/asm-8.0.1.jar:/home/lmolteni/.m2/repository/org/ow2/asm/asm-util/8.0.1/asm-util-8.0.1.jar:/home/lmolteni/.m2/repository/org/ow2/asm/asm-tree/8.0.1/asm-tree-8.0.1.jar:/home/lmolteni/.m2/repository/org/ow2/asm/asm-analysis/8.0.1/asm-analysis-8.0.1.jar:/home/lmolteni/.m2/repository/org/kie/kogito/kogito-api/8.0.0-SNAPSHOT/kogito-api-8.0.0-SNAPSHOT.jar:/home/lmolteni/.m2/repository/org/kie/kie-dmn-api/7.39.0.Final/kie-dmn-api-7.39.0.Final.jar:/home/lmolteni/.m2/repository/org/kie/kie-dmn-model/7.39.0.Final/kie-dmn-model-7.39.0.Final.jar:/home/lmolteni/.m2/repository/jakarta/annotation/jakarta.annotation-api/1.3.5/jakarta.annotation-api-1.3.5.jar:/home/lmolteni/.m2/repository/org/kie/kogito/drools-core-static/8.0.0-SNAPSHOT/drools-core-static-8.0.0-SNAPSHOT.jar:/home/lmolteni/.m2/repository/org/kie/kogito/drools-core-reflective/8.0.0-SNAPSHOT/drools-core-reflective-8.0.0-SNAPSHOT.jar:/home/lmolteni/.m2/repository/org/kie/kogito/kogito-internal/8.0.0-SNAPSHOT/kogito-internal-8.0.0-SNAPSHOT.jar:/home/lmolteni/.m2/repository/org/kie/kogito/jbpm-flow/8.0.0-SNAPSHOT/jbpm-flow-8.0.0-SNAPSHOT.jar:/home/lmolteni/.m2/repository/org/kie/kogito/kogito-services/8.0.0-SNAPSHOT/kogito-services-8.0.0-SNAPSHOT.jar:/home/lmolteni/.m2/repository/com/google/protobuf/protobuf-java/3.6.1/protobuf-java-3.6.1.jar:/home/lmolteni/.m2/repository/org/mvel/mvel2/2.4.7.Final/mvel2-2.4.7.Final.jar:/home/lmolteni/.m2/repository/org/kie/kogito/kogito-dmn/8.0.0-SNAPSHOT/kogito-dmn-8.0.0-SNAPSHOT.jar:/home/lmolteni/.m2/repository/com/fasterxml/jackson/core/jackson-databind/2.10.3/jackson-databind-2.10.3.jar:/home/lmolteni/.m2/repository/org/kie/kie-dmn-core/7.39.0.Final/kie-dmn-core-7.39.0.Final.jar:/home/lmolteni/.m2/repository/org/kie/kie-dmn-backend/7.39.0.Final/kie-dmn-backend-7.39.0.Final.jar:/home/lmolteni/.m2/repository/org/kie/kie-dmn-feel/7.39.0.Final/kie-dmn-feel-7.39.0.Final.jar:/home/lmolteni/.m2/repository/ch/obermuhlner/big-math/2.0.1/big-math-2.0.1.jar:/home/lmolteni/.m2/repository/com/github/javaparser/javaparser-core/3.13.10/javaparser-core-3.13.10.jar:/home/lmolteni/.m2/repository/org/antlr/antlr4-runtime/4.8/antlr4-runtime-4.8.jar:/home/lmolteni/.m2/repository/org/jpmml/pmml-model/1.4.11/pmml-model-1.4.11.jar:/home/lmolteni/.m2/repository/org/jpmml/pmml-agent/1.4.11/pmml-agent-1.4.11.jar:/home/lmolteni/.m2/repository/org/kie/kie-dmn-validation/7.39.0.Final/kie-dmn-validation-7.39.0.Final.jar:/home/lmolteni/.m2/repository/io/quarkus/quarkus-resteasy-jackson/1.6.0.Final/quarkus-resteasy-jackson-1.6.0.Final.jar:/home/lmolteni/.m2/repository/io/quarkus/quarkus-jackson/1.6.0.Final/quarkus-jackson-1.6.0.Final.jar:/home/lmolteni/.m2/repository/com/fasterxml/jackson/datatype/jackson-datatype-jsr310/2.10.3/jackson-datatype-jsr310-2.10.3.jar:/home/lmolteni/.m2/repository/com/fasterxml/jackson/datatype/jackson-datatype-jdk8/2.10.4/jackson-datatype-jdk8-2.10.4.jar:/home/lmolteni/.m2/repository/com/fasterxml/jackson/module/jackson-module-parameter-names/2.10.4/jackson-module-parameter-names-2.10.4.jar:/home/lmolteni/.m2/repository/org/jboss/resteasy/resteasy-jackson2-provider/4.5.5.Final/resteasy-jackson2-provider-4.5.5.Final.jar:/home/lmolteni/.m2/repository/org/jboss/resteasy/resteasy-jaxb-provider/4.5.5.Final/resteasy-jaxb-provider-4.5.5.Final.jar:/home/lmolteni/.m2/repository/org/glassfish/jaxb/jaxb-runtime/2.3.3-b02/jaxb-runtime-2.3.3-b02.jar:/home/lmolteni/.m2/repository/org/glassfish/jaxb/txw2/2.3.3-b02/txw2-2.3.3-b02.jar:/home/lmolteni/.m2/repository/com/sun/istack/istack-commons-runtime/3.0.10/istack-commons-runtime-3.0.10.jar:/home/lmolteni/.m2/repository/com/fasterxml/jackson/core/jackson-core/2.10.3/jackson-core-2.10.3.jar:/home/lmolteni/.m2/repository/com/fasterxml/jackson/core/jackson-annotations/2.10.3/jackson-annotations-2.10.3.jar:/home/lmolteni/.m2/repository/com/fasterxml/jackson/jaxrs/jackson-jaxrs-json-provider/2.10.4/jackson-jaxrs-json-provider-2.10.4.jar:/home/lmolteni/.m2/repository/com/fasterxml/jackson/jaxrs/jackson-jaxrs-base/2.10.4/jackson-jaxrs-base-2.10.4.jar:/home/lmolteni/.m2/repository/com/fasterxml/jackson/module/jackson-module-jaxb-annotations/2.10.4/jackson-module-jaxb-annotations-2.10.4.jar:/home/lmolteni/.m2/repository/com/github/fge/json-patch/1.9/json-patch-1.9.jar:/home/lmolteni/.m2/repository/com/github/fge/jackson-coreutils/1.6/jackson-coreutils-1.6.jar:/home/lmolteni/.m2/repository/com/github/fge/msg-simple/1.1/msg-simple-1.1.jar:/home/lmolteni/.m2/repository/com/github/fge/btf/1.2/btf-1.2.jar:/home/lmolteni/.m2/repository/com/google/guava/guava/27.0.1-jre/guava-27.0.1-jre.jar:/home/lmolteni/.m2/repository/com/google/guava/failureaccess/1.0.1/failureaccess-1.0.1.jar:/home/lmolteni/.m2/repository/com/google/guava/listenablefuture/9999.0-empty-to-avoid-conflict-with-guava/listenablefuture-9999.0-empty-to-avoid-conflict-with-guava.jar:/home/lmolteni/.m2/repository/org/jboss/spec/javax/xml/bind/jboss-jaxb-api_2.3_spec/2.0.0.Final/jboss-jaxb-api_2.3_spec-2.0.0.Final.jar:/home/lmolteni/.m2/repository/io/quarkus/quarkus-resteasy/1.6.0.Final/quarkus-resteasy-1.6.0.Final.jar:/home/lmolteni/.m2/repository/io/quarkus/quarkus-vertx-http/1.6.0.Final/quarkus-vertx-http-1.6.0.Final.jar:/home/lmolteni/.m2/repository/io/quarkus/security/quarkus-security/1.1.2.Final/quarkus-security-1.1.2.Final.jar:/home/lmolteni/.m2/repository/io/smallrye/reactive/mutiny/0.5.4/mutiny-0.5.4.jar:/home/lmolteni/.m2/repository/org/reactivestreams/reactive-streams/1.0.3/reactive-streams-1.0.3.jar:/home/lmolteni/.m2/repository/io/quarkus/quarkus-vertx-core/1.6.0.Final/quarkus-vertx-core-1.6.0.Final.jar:/home/lmolteni/.m2/repository/io/quarkus/quarkus-netty/1.6.0.Final/quarkus-netty-1.6.0.Final.jar:/home/lmolteni/.m2/repository/io/netty/netty-codec/4.1.49.Final/netty-codec-4.1.49.Final.jar:/home/lmolteni/.m2/repository/io/netty/netty-handler/4.1.49.Final/netty-handler-4.1.49.Final.jar:/home/lmolteni/.m2/repository/io/vertx/vertx-core/3.9.1/vertx-core-3.9.1.jar:/home/lmolteni/.m2/repository/io/netty/netty-common/4.1.49.Final/netty-common-4.1.49.Final.jar:/home/lmolteni/.m2/repository/io/netty/netty-buffer/4.1.49.Final/netty-buffer-4.1.49.Final.jar:/home/lmolteni/.m2/repository/io/netty/netty-transport/4.1.49.Final/netty-transport-4.1.49.Final.jar:/home/lmolteni/.m2/repository/io/netty/netty-handler-proxy/4.1.49.Final/netty-handler-proxy-4.1.49.Final.jar:/home/lmolteni/.m2/repository/io/netty/netty-codec-socks/4.1.49.Final/netty-codec-socks-4.1.49.Final.jar:/home/lmolteni/.m2/repository/io/netty/netty-codec-http/4.1.49.Final/netty-codec-http-4.1.49.Final.jar:/home/lmolteni/.m2/repository/io/netty/netty-codec-http2/4.1.49.Final/netty-codec-http2-4.1.49.Final.jar:/home/lmolteni/.m2/repository/io/netty/netty-resolver/4.1.49.Final/netty-resolver-4.1.49.Final.jar:/home/lmolteni/.m2/repository/io/netty/netty-resolver-dns/4.1.49.Final/netty-resolver-dns-4.1.49.Final.jar:/home/lmolteni/.m2/repository/io/netty/netty-codec-dns/4.1.49.Final/netty-codec-dns-4.1.49.Final.jar:/home/lmolteni/.m2/repository/io/vertx/vertx-web/3.9.1/vertx-web-3.9.1.jar:/home/lmolteni/.m2/repository/io/vertx/vertx-web-common/3.9.1/vertx-web-common-3.9.1.jar:/home/lmolteni/.m2/repository/io/vertx/vertx-auth-common/3.9.1/vertx-auth-common-3.9.1.jar:/home/lmolteni/.m2/repository/io/vertx/vertx-bridge-common/3.9.1/vertx-bridge-common-3.9.1.jar:/home/lmolteni/.m2/repository/io/quarkus/quarkus-resteasy-server-common/1.6.0.Final/quarkus-resteasy-server-common-1.6.0.Final.jar:/home/lmolteni/.m2/repository/io/quarkus/quarkus-resteasy-common/1.6.0.Final/quarkus-resteasy-common-1.6.0.Final.jar:/home/lmolteni/.m2/repository/org/jboss/resteasy/resteasy-core/4.5.5.Final/resteasy-core-4.5.5.Final.jar:/home/lmolteni/.m2/repository/org/jboss/spec/javax/ws/rs/jboss-jaxrs-api_2.1_spec/1.0.1.Final/jboss-jaxrs-api_2.1_spec-1.0.1.Final.jar:/home/lmolteni/.m2/repository/org/jboss/resteasy/resteasy-core-spi/4.5.5.Final/resteasy-core-spi-4.5.5.Final.jar:/home/lmolteni/.m2/repository/com/ibm/async/asyncutil/0.1.0/asyncutil-0.1.0.jar:/home/lmolteni/.m2/repository/com/sun/activation/jakarta.activation/1.2.1/jakarta.activation-1.2.1.jar:/home/lmolteni/.m2/repository/jakarta/validation/jakarta.validation-api/2.0.2/jakarta.validation-api-2.0.2.jar:/home/lmolteni/.m2/repository/io/quarkus/quarkus-arc/1.6.0.Final/quarkus-arc-1.6.0.Final.jar:/home/lmolteni/.m2/repository/io/quarkus/arc/arc/1.6.0.Final/arc-1.6.0.Final.jar:/home/lmolteni/.m2/repository/jakarta/transaction/jakarta.transaction-api/1.3.3/jakarta.transaction-api-1.3.3.jar:/home/lmolteni/.m2/repository/org/eclipse/microprofile/context-propagation/microprofile-context-propagation-api/1.0.1/microprofile-context-propagation-api-1.0.1.jar:/home/lmolteni/.m2/repository/io/quarkus/quarkus-smallrye-openapi/1.6.0.Final/quarkus-smallrye-openapi-1.6.0.Final.jar:/home/lmolteni/.m2/repository/io/smallrye/smallrye-open-api-core/2.0.2/smallrye-open-api-core-2.0.2.jar:/home/lmolteni/.m2/repository/org/eclipse/microprofile/openapi/microprofile-openapi-api/1.1.2/microprofile-openapi-api-1.1.2.jar:/home/lmolteni/.m2/repository/org/eclipse/microprofile/config/microprofile-config-api/1.4/microprofile-config-api-1.4.jar:/home/lmolteni/.m2/repository/com/fasterxml/jackson/dataformat/jackson-dataformat-yaml/2.10.3/jackson-dataformat-yaml-2.10.3.jar:/home/lmolteni/.m2/repository/org/yaml/snakeyaml/1.26/snakeyaml-1.26.jar:/home/lmolteni/.m2/repository/io/quarkus/quarkus-swagger-ui/1.6.0.Final/quarkus-swagger-ui-1.6.0.Final.jar:/home/lmolteni/.m2/repository/org/kie/kogito/kogito-drools/8.0.0-SNAPSHOT/kogito-drools-8.0.0-SNAPSHOT.jar:/home/lmolteni/.m2/repository/org/kie/kogito/drools-core/8.0.0-SNAPSHOT/drools-core-8.0.0-SNAPSHOT.jar:/home/lmolteni/.m2/repository/org/kie/soup/kie-soup-xstream/7.39.0.Final/kie-soup-xstream-7.39.0.Final.jar:/home/lmolteni/.m2/repository/org/kie/kogito/drools-compiler/8.0.0-SNAPSHOT/drools-compiler-8.0.0-SNAPSHOT.jar:/home/lmolteni/.m2/repository/org/antlr/antlr-runtime/3.5.2/antlr-runtime-3.5.2.jar:/home/lmolteni/.m2/repository/org/eclipse/jdt/ecj/3.19.0/ecj-3.19.0.jar:/home/lmolteni/.m2/repository/org/kie/kogito/kogito-ruleunits/8.0.0-SNAPSHOT/kogito-ruleunits-8.0.0-SNAPSHOT.jar:/home/lmolteni/.m2/repository/org/kie/kogito/kogito-drools-model/8.0.0-SNAPSHOT/kogito-drools-model-8.0.0-SNAPSHOT.jar:/home/lmolteni/.m2/repository/org/drools/drools-model-compiler/7.39.0.Final/drools-model-compiler-7.39.0.Final.jar:/home/lmolteni/.m2/repository/org/drools/drools-canonical-model/7.39.0.Final/drools-canonical-model-7.39.0.Final.jar:/home/lmolteni/.m2/repository/org/drools/drools-mvel-parser/7.39.0.Final/drools-mvel-parser-7.39.0.Final.jar:/home/lmolteni/.m2/repository/org/drools/drools-mvel-compiler/7.39.0.Final/drools-mvel-compiler-7.39.0.Final.jar:/home/lmolteni/.m2/repository/org/slf4j/slf4j-api/1.7.30/slf4j-api-1.7.30.jar:/home/lmolteni/.m2/repository/io/quarkus/quarkus-junit5/1.6.0.Final/quarkus-junit5-1.6.0.Final.jar:/home/lmolteni/.m2/repository/io/quarkus/quarkus-bootstrap-core/1.6.0.Final/quarkus-bootstrap-core-1.6.0.Final.jar:/home/lmolteni/.m2/repository/io/quarkus/quarkus-bootstrap-app-model/1.6.0.Final/quarkus-bootstrap-app-model-1.6.0.Final.jar:/home/lmolteni/.m2/repository/io/quarkus/quarkus-bootstrap-maven-resolver/1.6.0.Final/quarkus-bootstrap-maven-resolver-1.6.0.Final.jar:/home/lmolteni/.m2/repository/org/apache/maven/maven-embedder/3.6.3/maven-embedder-3.6.3.jar:/home/lmolteni/.m2/repository/org/apache/maven/maven-settings/3.6.3/maven-settings-3.6.3.jar:/home/lmolteni/.m2/repository/org/apache/maven/maven-core/3.6.2/maven-core-3.6.2.jar:/home/lmolteni/.m2/repository/org/apache/maven/maven-artifact/3.6.2/maven-artifact-3.6.2.jar:/home/lmolteni/.m2/repository/org/codehaus/plexus/plexus-component-annotations/1.6/plexus-component-annotations-1.6.jar:/home/lmolteni/.m2/repository/org/apache/maven/maven-plugin-api/3.6.2/maven-plugin-api-3.6.2.jar:/home/lmolteni/.m2/repository/org/apache/maven/maven-model/3.6.3/maven-model-3.6.3.jar:/home/lmolteni/.m2/repository/org/apache/maven/maven-model-builder/3.6.3/maven-model-builder-3.6.3.jar:/home/lmolteni/.m2/repository/org/apache/maven/maven-builder-support/3.6.3/maven-builder-support-3.6.3.jar:/home/lmolteni/.m2/repository/org/apache/maven/resolver/maven-resolver-api/1.4.1/maven-resolver-api-1.4.1.jar:/home/lmolteni/.m2/repository/org/apache/maven/resolver/maven-resolver-util/1.4.1/maven-resolver-util-1.4.1.jar:/home/lmolteni/.m2/repository/org/apache/maven/shared/maven-shared-utils/3.2.1/maven-shared-utils-3.2.1.jar:/home/lmolteni/.m2/repository/commons-io/commons-io/2.6/commons-io-2.6.jar:/home/lmolteni/.m2/repository/com/google/inject/guice/4.2.1/guice-4.2.1-no_aop.jar:/home/lmolteni/.m2/repository/org/codehaus/plexus/plexus-utils/3.2.1/plexus-utils-3.2.1.jar:/home/lmolteni/.m2/repository/org/codehaus/plexus/plexus-classworlds/2.5.2/plexus-classworlds-2.5.2.jar:/home/lmolteni/.m2/repository/commons-cli/commons-cli/1.4/commons-cli-1.4.jar:/home/lmolteni/.m2/repository/org/eclipse/sisu/org.eclipse.sisu.plexus/0.3.4/org.eclipse.sisu.plexus-0.3.4.jar:/home/lmolteni/.m2/repository/org/apache/maven/maven-settings-builder/3.6.3/maven-settings-builder-3.6.3.jar:/home/lmolteni/.m2/repository/org/codehaus/plexus/plexus-interpolation/1.25/plexus-interpolation-1.25.jar:/home/lmolteni/.m2/repository/org/sonatype/plexus/plexus-sec-dispatcher/1.4/plexus-sec-dispatcher-1.4.jar:/home/lmolteni/.m2/repository/org/sonatype/plexus/plexus-cipher/1.4/plexus-cipher-1.4.jar:/home/lmolteni/.m2/repository/org/apache/maven/maven-resolver-provider/3.6.3/maven-resolver-provider-3.6.3.jar:/home/lmolteni/.m2/repository/org/apache/maven/maven-repository-metadata/3.6.3/maven-repository-metadata-3.6.3.jar:/home/lmolteni/.m2/repository/org/apache/maven/resolver/maven-resolver-spi/1.4.1/maven-resolver-spi-1.4.1.jar:/home/lmolteni/.m2/repository/org/apache/maven/resolver/maven-resolver-impl/1.4.1/maven-resolver-impl-1.4.1.jar:/home/lmolteni/.m2/repository/org/apache/maven/resolver/maven-resolver-connector-basic/1.4.1/maven-resolver-connector-basic-1.4.1.jar:/home/lmolteni/.m2/repository/org/apache/maven/resolver/maven-resolver-transport-wagon/1.4.1/maven-resolver-transport-wagon-1.4.1.jar:/home/lmolteni/.m2/repository/org/apache/maven/wagon/wagon-http/3.3.4/wagon-http-3.3.4.jar:/home/lmolteni/.m2/repository/org/apache/maven/wagon/wagon-http-shared/3.3.4/wagon-http-shared-3.3.4.jar:/home/lmolteni/.m2/repository/org/jsoup/jsoup/1.12.1/jsoup-1.12.1.jar:/home/lmolteni/.m2/repository/org/apache/maven/wagon/wagon-provider-api/3.3.4/wagon-provider-api-3.3.4.jar:/home/lmolteni/.m2/repository/org/apache/maven/wagon/wagon-file/3.3.4/wagon-file-3.3.4.jar:/home/lmolteni/.m2/repository/org/eclipse/sisu/org.eclipse.sisu.inject/0.3.4/org.eclipse.sisu.inject-0.3.4.jar:/home/lmolteni/.m2/repository/io/quarkus/quarkus-test-common/1.6.0.Final/quarkus-test-common-1.6.0.Final.jar:/home/lmolteni/.m2/repository/io/quarkus/quarkus-core-deployment/1.6.0.Final/quarkus-core-deployment-1.6.0.Final.jar:/home/lmolteni/.m2/repository/io/quarkus/quarkus-devtools-utilities/1.6.0.Final/quarkus-devtools-utilities-1.6.0.Final.jar:/home/lmolteni/.m2/repository/io/quarkus/quarkus-builder/1.6.0.Final/quarkus-builder-1.6.0.Final.jar:/home/lmolteni/.m2/repository/io/quarkus/quarkus-jsonp-deployment/1.6.0.Final/quarkus-jsonp-deployment-1.6.0.Final.jar:/home/lmolteni/.m2/repository/io/quarkus/quarkus-jsonp/1.6.0.Final/quarkus-jsonp-1.6.0.Final.jar:/home/lmolteni/.m2/repository/org/glassfish/jakarta.json/1.1.6/jakarta.json-1.1.6.jar:/home/lmolteni/.m2/repository/org/jboss/logging/commons-logging-jboss-logging/1.0.0.Final/commons-logging-jboss-logging-1.0.0.Final.jar:/home/lmolteni/.m2/repository/org/junit/jupiter/junit-jupiter/5.6.2/junit-jupiter-5.6.2.jar:/home/lmolteni/.m2/repository/org/junit/jupiter/junit-jupiter-api/5.6.2/junit-jupiter-api-5.6.2.jar:/home/lmolteni/.m2/repository/org/apiguardian/apiguardian-api/1.1.0/apiguardian-api-1.1.0.jar:/home/lmolteni/.m2/repository/org/opentest4j/opentest4j/1.2.0/opentest4j-1.2.0.jar:/home/lmolteni/.m2/repository/org/junit/platform/junit-platform-commons/1.6.2/junit-platform-commons-1.6.2.jar:/home/lmolteni/.m2/repository/org/junit/jupiter/junit-jupiter-params/5.6.2/junit-jupiter-params-5.6.2.jar:/home/lmolteni/.m2/repository/org/junit/jupiter/junit-jupiter-engine/5.6.2/junit-jupiter-engine-5.6.2.jar:/home/lmolteni/.m2/repository/org/junit/platform/junit-platform-engine/1.6.2/junit-platform-engine-1.6.2.jar:/home/lmolteni/.m2/repository/com/thoughtworks/xstream/xstream/1.4.11.1/xstream-1.4.11.1.jar:/home/lmolteni/.m2/repository/xmlpull/xmlpull/1.1.3.1/xmlpull-1.1.3.1.jar:/home/lmolteni/.m2/repository/xpp3/xpp3_min/1.1.4c/xpp3_min-1.1.4c.jar:/home/lmolteni/.m2/repository/io/rest-assured/rest-assured/4.3.0/rest-assured-4.3.0.jar:/home/lmolteni/.m2/repository/org/codehaus/groovy/groovy/3.0.2/groovy-3.0.2.jar:/home/lmolteni/.m2/repository/org/codehaus/groovy/groovy-xml/3.0.2/groovy-xml-3.0.2.jar:/home/lmolteni/.m2/repository/org/apache/httpcomponents/httpclient/4.5.12/httpclient-4.5.12.jar:/home/lmolteni/.m2/repository/org/apache/httpcomponents/httpcore/4.4.13/httpcore-4.4.13.jar:/home/lmolteni/.m2/repository/commons-logging/commons-logging/1.2/commons-logging-1.2.jar:/home/lmolteni/.m2/repository/commons-codec/commons-codec/1.14/commons-codec-1.14.jar:/home/lmolteni/.m2/repository/org/apache/httpcomponents/httpmime/4.5.3/httpmime-4.5.3.jar:/home/lmolteni/.m2/repository/org/hamcrest/hamcrest/2.1/hamcrest-2.1.jar:/home/lmolteni/.m2/repository/org/ccil/cowan/tagsoup/tagsoup/1.2.1/tagsoup-1.2.1.jar:/home/lmolteni/.m2/repository/io/rest-assured/json-path/4.3.0/json-path-4.3.0.jar:/home/lmolteni/.m2/repository/org/codehaus/groovy/groovy-json/3.0.2/groovy-json-3.0.2.jar:/home/lmolteni/.m2/repository/io/rest-assured/rest-assured-common/4.3.0/rest-assured-common-4.3.0.jar:/home/lmolteni/.m2/repository/io/rest-assured/xml-path/4.3.0/xml-path-4.3.0.jar:/home/lmolteni/.m2/repository/org/apache/commons/commons-lang3/3.9/commons-lang3-3.9.jar:/home/lmolteni/.m2/repository/jakarta/xml/bind/jakarta.xml.bind-api/2.3.2/jakarta.xml.bind-api-2.3.2.jar:/home/lmolteni/.m2/repository/jakarta/activation/jakarta.activation-api/1.2.1/jakarta.activation-api-1.2.1.jar:/home/lmolteni/.m2/repository/com/sun/xml/bind/jaxb-osgi/2.3.0.1/jaxb-osgi-2.3.0.1.jar:/home/lmolteni/.m2/repository/org/apache/sling/org.apache.sling.javax.activation/0.1.0/org.apache.sling.javax.activation-0.1.0.jar:/home/lmolteni/.m2/repository/javax/activation/activation/1.1.1/activation-1.1.1.jar:"/>
    <property name="java.vm.vendor" value="Oracle Corporation"/>
    <property name="sun.arch.data.model" value="64"/>
    <property name="java.vendor.url" value="http://java.oracle.com/"/>
    <property name="user.timezone" value="Europe/Rome"/>
    <property name="java.vm.specification.version" value="11"/>
    <property name="os.name" value="Linux"/>
    <property name="sun.java.launcher" value="SUN_STANDARD"/>
    <property name="user.country" value="US"/>
    <property name="sun.boot.library.path" value="/home/lmolteni/.jabba/jdk/openjdk@1.11.0/lib"/>
    <property name="sun.java.command" value="/home/lmolteni/git/kogito-dmn-validator/target/surefire/surefirebooter4302282784528389051.jar /home/lmolteni/git/kogito-dmn-validator/target/surefire 2020-07-10T17-07-53_968-jvmRun1 surefire7781685530766552680tmp surefire_02200494267598175312tmp"/>
    <property name="jdk.debug" value="release"/>
    <property name="surefire.test.class.path" value="/home/lmolteni/git/kogito-dmn-validator/target/test-classes:/home/lmolteni/git/kogito-dmn-validator/target/classes:/home/lmolteni/.m2/repository/org/kie/kogito/kogito-quarkus/8.0.0-SNAPSHOT/kogito-quarkus-8.0.0-SNAPSHOT.jar:/home/lmolteni/.m2/repository/io/quarkus/quarkus-core/1.6.0.Final/quarkus-core-1.6.0.Final.jar:/home/lmolteni/.m2/repository/jakarta/enterprise/jakarta.enterprise.cdi-api/2.0.2/jakarta.enterprise.cdi-api-2.0.2.jar:/home/lmolteni/.m2/repository/jakarta/el/jakarta.el-api/3.0.3/jakarta.el-api-3.0.3.jar:/home/lmolteni/.m2/repository/jakarta/interceptor/jakarta.interceptor-api/1.2.5/jakarta.interceptor-api-1.2.5.jar:/home/lmolteni/.m2/repository/jakarta/inject/jakarta.inject-api/1.0/jakarta.inject-api-1.0.jar:/home/lmolteni/.m2/repository/io/quarkus/quarkus-ide-launcher/1.6.0.Final/quarkus-ide-launcher-1.6.0.Final.jar:/home/lmolteni/.m2/repository/io/quarkus/quarkus-development-mode-spi/1.6.0.Final/quarkus-development-mode-spi-1.6.0.Final.jar:/home/lmolteni/.m2/repository/io/smallrye/config/smallrye-config/1.8.1/smallrye-config-1.8.1.jar:/home/lmolteni/.m2/repository/io/smallrye/common/smallrye-common-annotation/1.0.2/smallrye-common-annotation-1.0.2.jar:/home/lmolteni/.m2/repository/io/smallrye/config/smallrye-config-common/1.8.1/smallrye-config-common-1.8.1.jar:/home/lmolteni/.m2/repository/io/smallrye/common/smallrye-common-expression/1.0.2/smallrye-common-expression-1.0.2.jar:/home/lmolteni/.m2/repository/io/smallrye/common/smallrye-common-function/1.0.2/smallrye-common-function-1.0.2.jar:/home/lmolteni/.m2/repository/io/smallrye/common/smallrye-common-constraint/1.0.2/smallrye-common-constraint-1.0.2.jar:/home/lmolteni/.m2/repository/org/jboss/logging/jboss-logging/3.3.2.Final/jboss-logging-3.3.2.Final.jar:/home/lmolteni/.m2/repository/org/jboss/logmanager/jboss-logmanager-embedded/1.0.4/jboss-logmanager-embedded-1.0.4.jar:/home/lmolteni/.m2/repository/org/jboss/logging/jboss-logging-annotations/2.1.0.Final/jboss-logging-annotations-2.1.0.Final.jar:/home/lmolteni/.m2/repository/org/jboss/threads/jboss-threads/3.1.1.Final/jboss-threads-3.1.1.Final.jar:/home/lmolteni/.m2/repository/org/jboss/slf4j/slf4j-jboss-logging/1.2.0.Final/slf4j-jboss-logging-1.2.0.Final.jar:/home/lmolteni/.m2/repository/org/graalvm/sdk/graal-sdk/20.1.0/graal-sdk-20.1.0.jar:/home/lmolteni/.m2/repository/org/wildfly/common/wildfly-common/1.5.4.Final-format-001/wildfly-common-1.5.4.Final-format-001.jar:/home/lmolteni/.m2/repository/io/quarkus/quarkus-bootstrap-runner/1.6.0.Final/quarkus-bootstrap-runner-1.6.0.Final.jar:/home/lmolteni/.m2/repository/io/quarkus/arc/arc-processor/1.6.0.Final/arc-processor-1.6.0.Final.jar:/home/lmolteni/.m2/repository/org/jboss/jandex/2.1.3.Final/jandex-2.1.3.Final.jar:/home/lmolteni/.m2/repository/io/quarkus/gizmo/gizmo/1.0.3.Final/gizmo-1.0.3.Final.jar:/home/lmolteni/.m2/repository/org/ow2/asm/asm/8.0.1/asm-8.0.1.jar:/home/lmolteni/.m2/repository/org/ow2/asm/asm-util/8.0.1/asm-util-8.0.1.jar:/home/lmolteni/.m2/repository/org/ow2/asm/asm-tree/8.0.1/asm-tree-8.0.1.jar:/home/lmolteni/.m2/repository/org/ow2/asm/asm-analysis/8.0.1/asm-analysis-8.0.1.jar:/home/lmolteni/.m2/repository/org/kie/kogito/kogito-api/8.0.0-SNAPSHOT/kogito-api-8.0.0-SNAPSHOT.jar:/home/lmolteni/.m2/repository/org/kie/kie-dmn-api/7.39.0.Final/kie-dmn-api-7.39.0.Final.jar:/home/lmolteni/.m2/repository/org/kie/kie-dmn-model/7.39.0.Final/kie-dmn-model-7.39.0.Final.jar:/home/lmolteni/.m2/repository/jakarta/annotation/jakarta.annotation-api/1.3.5/jakarta.annotation-api-1.3.5.jar:/home/lmolteni/.m2/repository/org/kie/kogito/drools-core-static/8.0.0-SNAPSHOT/drools-core-static-8.0.0-SNAPSHOT.jar:/home/lmolteni/.m2/repository/org/kie/kogito/drools-core-reflective/8.0.0-SNAPSHOT/drools-core-reflective-8.0.0-SNAPSHOT.jar:/home/lmolteni/.m2/repository/org/kie/kogito/kogito-internal/8.0.0-SNAPSHOT/kogito-internal-8.0.0-SNAPSHOT.jar:/home/lmolteni/.m2/repository/org/kie/kogito/jbpm-flow/8.0.0-SNAPSHOT/jbpm-flow-8.0.0-SNAPSHOT.jar:/home/lmolteni/.m2/repository/org/kie/kogito/kogito-services/8.0.0-SNAPSHOT/kogito-services-8.0.0-SNAPSHOT.jar:/home/lmolteni/.m2/repository/com/google/protobuf/protobuf-java/3.6.1/protobuf-java-3.6.1.jar:/home/lmolteni/.m2/repository/org/mvel/mvel2/2.4.7.Final/mvel2-2.4.7.Final.jar:/home/lmolteni/.m2/repository/org/kie/kogito/kogito-dmn/8.0.0-SNAPSHOT/kogito-dmn-8.0.0-SNAPSHOT.jar:/home/lmolteni/.m2/repository/com/fasterxml/jackson/core/jackson-databind/2.10.3/jackson-databind-2.10.3.jar:/home/lmolteni/.m2/repository/org/kie/kie-dmn-core/7.39.0.Final/kie-dmn-core-7.39.0.Final.jar:/home/lmolteni/.m2/repository/org/kie/kie-dmn-backend/7.39.0.Final/kie-dmn-backend-7.39.0.Final.jar:/home/lmolteni/.m2/repository/org/kie/kie-dmn-feel/7.39.0.Final/kie-dmn-feel-7.39.0.Final.jar:/home/lmolteni/.m2/repository/ch/obermuhlner/big-math/2.0.1/big-math-2.0.1.jar:/home/lmolteni/.m2/repository/com/github/javaparser/javaparser-core/3.13.10/javaparser-core-3.13.10.jar:/home/lmolteni/.m2/repository/org/antlr/antlr4-runtime/4.8/antlr4-runtime-4.8.jar:/home/lmolteni/.m2/repository/org/jpmml/pmml-model/1.4.11/pmml-model-1.4.11.jar:/home/lmolteni/.m2/repository/org/jpmml/pmml-agent/1.4.11/pmml-agent-1.4.11.jar:/home/lmolteni/.m2/repository/org/kie/kie-dmn-validation/7.39.0.Final/kie-dmn-validation-7.39.0.Final.jar:/home/lmolteni/.m2/repository/io/quarkus/quarkus-resteasy-jackson/1.6.0.Final/quarkus-resteasy-jackson-1.6.0.Final.jar:/home/lmolteni/.m2/repository/io/quarkus/quarkus-jackson/1.6.0.Final/quarkus-jackson-1.6.0.Final.jar:/home/lmolteni/.m2/repository/com/fasterxml/jackson/datatype/jackson-datatype-jsr310/2.10.3/jackson-datatype-jsr310-2.10.3.jar:/home/lmolteni/.m2/repository/com/fasterxml/jackson/datatype/jackson-datatype-jdk8/2.10.4/jackson-datatype-jdk8-2.10.4.jar:/home/lmolteni/.m2/repository/com/fasterxml/jackson/module/jackson-module-parameter-names/2.10.4/jackson-module-parameter-names-2.10.4.jar:/home/lmolteni/.m2/repository/org/jboss/resteasy/resteasy-jackson2-provider/4.5.5.Final/resteasy-jackson2-provider-4.5.5.Final.jar:/home/lmolteni/.m2/repository/org/jboss/resteasy/resteasy-jaxb-provider/4.5.5.Final/resteasy-jaxb-provider-4.5.5.Final.jar:/home/lmolteni/.m2/repository/org/glassfish/jaxb/jaxb-runtime/2.3.3-b02/jaxb-runtime-2.3.3-b02.jar:/home/lmolteni/.m2/repository/org/glassfish/jaxb/txw2/2.3.3-b02/txw2-2.3.3-b02.jar:/home/lmolteni/.m2/repository/com/sun/istack/istack-commons-runtime/3.0.10/istack-commons-runtime-3.0.10.jar:/home/lmolteni/.m2/repository/com/fasterxml/jackson/core/jackson-core/2.10.3/jackson-core-2.10.3.jar:/home/lmolteni/.m2/repository/com/fasterxml/jackson/core/jackson-annotations/2.10.3/jackson-annotations-2.10.3.jar:/home/lmolteni/.m2/repository/com/fasterxml/jackson/jaxrs/jackson-jaxrs-json-provider/2.10.4/jackson-jaxrs-json-provider-2.10.4.jar:/home/lmolteni/.m2/repository/com/fasterxml/jackson/jaxrs/jackson-jaxrs-base/2.10.4/jackson-jaxrs-base-2.10.4.jar:/home/lmolteni/.m2/repository/com/fasterxml/jackson/module/jackson-module-jaxb-annotations/2.10.4/jackson-module-jaxb-annotations-2.10.4.jar:/home/lmolteni/.m2/repository/com/github/fge/json-patch/1.9/json-patch-1.9.jar:/home/lmolteni/.m2/repository/com/github/fge/jackson-coreutils/1.6/jackson-coreutils-1.6.jar:/home/lmolteni/.m2/repository/com/github/fge/msg-simple/1.1/msg-simple-1.1.jar:/home/lmolteni/.m2/repository/com/github/fge/btf/1.2/btf-1.2.jar:/home/lmolteni/.m2/repository/com/google/guava/guava/27.0.1-jre/guava-27.0.1-jre.jar:/home/lmolteni/.m2/repository/com/google/guava/failureaccess/1.0.1/failureaccess-1.0.1.jar:/home/lmolteni/.m2/repository/com/google/guava/listenablefuture/9999.0-empty-to-avoid-conflict-with-guava/listenablefuture-9999.0-empty-to-avoid-conflict-with-guava.jar:/home/lmolteni/.m2/repository/org/jboss/spec/javax/xml/bind/jboss-jaxb-api_2.3_spec/2.0.0.Final/jboss-jaxb-api_2.3_spec-2.0.0.Final.jar:/home/lmolteni/.m2/repository/io/quarkus/quarkus-resteasy/1.6.0.Final/quarkus-resteasy-1.6.0.Final.jar:/home/lmolteni/.m2/repository/io/quarkus/quarkus-vertx-http/1.6.0.Final/quarkus-vertx-http-1.6.0.Final.jar:/home/lmolteni/.m2/repository/io/quarkus/security/quarkus-security/1.1.2.Final/quarkus-security-1.1.2.Final.jar:/home/lmolteni/.m2/repository/io/smallrye/reactive/mutiny/0.5.4/mutiny-0.5.4.jar:/home/lmolteni/.m2/repository/org/reactivestreams/reactive-streams/1.0.3/reactive-streams-1.0.3.jar:/home/lmolteni/.m2/repository/io/quarkus/quarkus-vertx-core/1.6.0.Final/quarkus-vertx-core-1.6.0.Final.jar:/home/lmolteni/.m2/repository/io/quarkus/quarkus-netty/1.6.0.Final/quarkus-netty-1.6.0.Final.jar:/home/lmolteni/.m2/repository/io/netty/netty-codec/4.1.49.Final/netty-codec-4.1.49.Final.jar:/home/lmolteni/.m2/repository/io/netty/netty-handler/4.1.49.Final/netty-handler-4.1.49.Final.jar:/home/lmolteni/.m2/repository/io/vertx/vertx-core/3.9.1/vertx-core-3.9.1.jar:/home/lmolteni/.m2/repository/io/netty/netty-common/4.1.49.Final/netty-common-4.1.49.Final.jar:/home/lmolteni/.m2/repository/io/netty/netty-buffer/4.1.49.Final/netty-buffer-4.1.49.Final.jar:/home/lmolteni/.m2/repository/io/netty/netty-transport/4.1.49.Final/netty-transport-4.1.49.Final.jar:/home/lmolteni/.m2/repository/io/netty/netty-handler-proxy/4.1.49.Final/netty-handler-proxy-4.1.49.Final.jar:/home/lmolteni/.m2/repository/io/netty/netty-codec-socks/4.1.49.Final/netty-codec-socks-4.1.49.Final.jar:/home/lmolteni/.m2/repository/io/netty/netty-codec-http/4.1.49.Final/netty-codec-http-4.1.49.Final.jar:/home/lmolteni/.m2/repository/io/netty/netty-codec-http2/4.1.49.Final/netty-codec-http2-4.1.49.Final.jar:/home/lmolteni/.m2/repository/io/netty/netty-resolver/4.1.49.Final/netty-resolver-4.1.49.Final.jar:/home/lmolteni/.m2/repository/io/netty/netty-resolver-dns/4.1.49.Final/netty-resolver-dns-4.1.49.Final.jar:/home/lmolteni/.m2/repository/io/netty/netty-codec-dns/4.1.49.Final/netty-codec-dns-4.1.49.Final.jar:/home/lmolteni/.m2/repository/io/vertx/vertx-web/3.9.1/vertx-web-3.9.1.jar:/home/lmolteni/.m2/repository/io/vertx/vertx-web-common/3.9.1/vertx-web-common-3.9.1.jar:/home/lmolteni/.m2/repository/io/vertx/vertx-auth-common/3.9.1/vertx-auth-common-3.9.1.jar:/home/lmolteni/.m2/repository/io/vertx/vertx-bridge-common/3.9.1/vertx-bridge-common-3.9.1.jar:/home/lmolteni/.m2/repository/io/quarkus/quarkus-resteasy-server-common/1.6.0.Final/quarkus-resteasy-server-common-1.6.0.Final.jar:/home/lmolteni/.m2/repository/io/quarkus/quarkus-resteasy-common/1.6.0.Final/quarkus-resteasy-common-1.6.0.Final.jar:/home/lmolteni/.m2/repository/org/jboss/resteasy/resteasy-core/4.5.5.Final/resteasy-core-4.5.5.Final.jar:/home/lmolteni/.m2/repository/org/jboss/spec/javax/ws/rs/jboss-jaxrs-api_2.1_spec/1.0.1.Final/jboss-jaxrs-api_2.1_spec-1.0.1.Final.jar:/home/lmolteni/.m2/repository/org/jboss/resteasy/resteasy-core-spi/4.5.5.Final/resteasy-core-spi-4.5.5.Final.jar:/home/lmolteni/.m2/repository/com/ibm/async/asyncutil/0.1.0/asyncutil-0.1.0.jar:/home/lmolteni/.m2/repository/com/sun/activation/jakarta.activation/1.2.1/jakarta.activation-1.2.1.jar:/home/lmolteni/.m2/repository/jakarta/validation/jakarta.validation-api/2.0.2/jakarta.validation-api-2.0.2.jar:/home/lmolteni/.m2/repository/io/quarkus/quarkus-arc/1.6.0.Final/quarkus-arc-1.6.0.Final.jar:/home/lmolteni/.m2/repository/io/quarkus/arc/arc/1.6.0.Final/arc-1.6.0.Final.jar:/home/lmolteni/.m2/repository/jakarta/transaction/jakarta.transaction-api/1.3.3/jakarta.transaction-api-1.3.3.jar:/home/lmolteni/.m2/repository/org/eclipse/microprofile/context-propagation/microprofile-context-propagation-api/1.0.1/microprofile-context-propagation-api-1.0.1.jar:/home/lmolteni/.m2/repository/io/quarkus/quarkus-smallrye-openapi/1.6.0.Final/quarkus-smallrye-openapi-1.6.0.Final.jar:/home/lmolteni/.m2/repository/io/smallrye/smallrye-open-api-core/2.0.2/smallrye-open-api-core-2.0.2.jar:/home/lmolteni/.m2/repository/org/eclipse/microprofile/openapi/microprofile-openapi-api/1.1.2/microprofile-openapi-api-1.1.2.jar:/home/lmolteni/.m2/repository/org/eclipse/microprofile/config/microprofile-config-api/1.4/microprofile-config-api-1.4.jar:/home/lmolteni/.m2/repository/com/fasterxml/jackson/dataformat/jackson-dataformat-yaml/2.10.3/jackson-dataformat-yaml-2.10.3.jar:/home/lmolteni/.m2/repository/org/yaml/snakeyaml/1.26/snakeyaml-1.26.jar:/home/lmolteni/.m2/repository/io/quarkus/quarkus-swagger-ui/1.6.0.Final/quarkus-swagger-ui-1.6.0.Final.jar:/home/lmolteni/.m2/repository/org/kie/kogito/kogito-drools/8.0.0-SNAPSHOT/kogito-drools-8.0.0-SNAPSHOT.jar:/home/lmolteni/.m2/repository/org/kie/kogito/drools-core/8.0.0-SNAPSHOT/drools-core-8.0.0-SNAPSHOT.jar:/home/lmolteni/.m2/repository/org/kie/soup/kie-soup-xstream/7.39.0.Final/kie-soup-xstream-7.39.0.Final.jar:/home/lmolteni/.m2/repository/org/kie/kogito/drools-compiler/8.0.0-SNAPSHOT/drools-compiler-8.0.0-SNAPSHOT.jar:/home/lmolteni/.m2/repository/org/antlr/antlr-runtime/3.5.2/antlr-runtime-3.5.2.jar:/home/lmolteni/.m2/repository/org/eclipse/jdt/ecj/3.19.0/ecj-3.19.0.jar:/home/lmolteni/.m2/repository/org/kie/kogito/kogito-ruleunits/8.0.0-SNAPSHOT/kogito-ruleunits-8.0.0-SNAPSHOT.jar:/home/lmolteni/.m2/repository/org/kie/kogito/kogito-drools-model/8.0.0-SNAPSHOT/kogito-drools-model-8.0.0-SNAPSHOT.jar:/home/lmolteni/.m2/repository/org/drools/drools-model-compiler/7.39.0.Final/drools-model-compiler-7.39.0.Final.jar:/home/lmolteni/.m2/repository/org/drools/drools-canonical-model/7.39.0.Final/drools-canonical-model-7.39.0.Final.jar:/home/lmolteni/.m2/repository/org/drools/drools-mvel-parser/7.39.0.Final/drools-mvel-parser-7.39.0.Final.jar:/home/lmolteni/.m2/repository/org/drools/drools-mvel-compiler/7.39.0.Final/drools-mvel-compiler-7.39.0.Final.jar:/home/lmolteni/.m2/repository/org/slf4j/slf4j-api/1.7.30/slf4j-api-1.7.30.jar:/home/lmolteni/.m2/repository/io/quarkus/quarkus-junit5/1.6.0.Final/quarkus-junit5-1.6.0.Final.jar:/home/lmolteni/.m2/repository/io/quarkus/quarkus-bootstrap-core/1.6.0.Final/quarkus-bootstrap-core-1.6.0.Final.jar:/home/lmolteni/.m2/repository/io/quarkus/quarkus-bootstrap-app-model/1.6.0.Final/quarkus-bootstrap-app-model-1.6.0.Final.jar:/home/lmolteni/.m2/repository/io/quarkus/quarkus-bootstrap-maven-resolver/1.6.0.Final/quarkus-bootstrap-maven-resolver-1.6.0.Final.jar:/home/lmolteni/.m2/repository/org/apache/maven/maven-embedder/3.6.3/maven-embedder-3.6.3.jar:/home/lmolteni/.m2/repository/org/apache/maven/maven-settings/3.6.3/maven-settings-3.6.3.jar:/home/lmolteni/.m2/repository/org/apache/maven/maven-core/3.6.2/maven-core-3.6.2.jar:/home/lmolteni/.m2/repository/org/apache/maven/maven-artifact/3.6.2/maven-artifact-3.6.2.jar:/home/lmolteni/.m2/repository/org/codehaus/plexus/plexus-component-annotations/1.6/plexus-component-annotations-1.6.jar:/home/lmolteni/.m2/repository/org/apache/maven/maven-plugin-api/3.6.2/maven-plugin-api-3.6.2.jar:/home/lmolteni/.m2/repository/org/apache/maven/maven-model/3.6.3/maven-model-3.6.3.jar:/home/lmolteni/.m2/repository/org/apache/maven/maven-model-builder/3.6.3/maven-model-builder-3.6.3.jar:/home/lmolteni/.m2/repository/org/apache/maven/maven-builder-support/3.6.3/maven-builder-support-3.6.3.jar:/home/lmolteni/.m2/repository/org/apache/maven/resolver/maven-resolver-api/1.4.1/maven-resolver-api-1.4.1.jar:/home/lmolteni/.m2/repository/org/apache/maven/resolver/maven-resolver-util/1.4.1/maven-resolver-util-1.4.1.jar:/home/lmolteni/.m2/repository/org/apache/maven/shared/maven-shared-utils/3.2.1/maven-shared-utils-3.2.1.jar:/home/lmolteni/.m2/repository/commons-io/commons-io/2.6/commons-io-2.6.jar:/home/lmolteni/.m2/repository/com/google/inject/guice/4.2.1/guice-4.2.1-no_aop.jar:/home/lmolteni/.m2/repository/org/codehaus/plexus/plexus-utils/3.2.1/plexus-utils-3.2.1.jar:/home/lmolteni/.m2/repository/org/codehaus/plexus/plexus-classworlds/2.5.2/plexus-classworlds-2.5.2.jar:/home/lmolteni/.m2/repository/commons-cli/commons-cli/1.4/commons-cli-1.4.jar:/home/lmolteni/.m2/repository/org/eclipse/sisu/org.eclipse.sisu.plexus/0.3.4/org.eclipse.sisu.plexus-0.3.4.jar:/home/lmolteni/.m2/repository/org/apache/maven/maven-settings-builder/3.6.3/maven-settings-builder-3.6.3.jar:/home/lmolteni/.m2/repository/org/codehaus/plexus/plexus-interpolation/1.25/plexus-interpolation-1.25.jar:/home/lmolteni/.m2/repository/org/sonatype/plexus/plexus-sec-dispatcher/1.4/plexus-sec-dispatcher-1.4.jar:/home/lmolteni/.m2/repository/org/sonatype/plexus/plexus-cipher/1.4/plexus-cipher-1.4.jar:/home/lmolteni/.m2/repository/org/apache/maven/maven-resolver-provider/3.6.3/maven-resolver-provider-3.6.3.jar:/home/lmolteni/.m2/repository/org/apache/maven/maven-repository-metadata/3.6.3/maven-repository-metadata-3.6.3.jar:/home/lmolteni/.m2/repository/org/apache/maven/resolver/maven-resolver-spi/1.4.1/maven-resolver-spi-1.4.1.jar:/home/lmolteni/.m2/repository/org/apache/maven/resolver/maven-resolver-impl/1.4.1/maven-resolver-impl-1.4.1.jar:/home/lmolteni/.m2/repository/org/apache/maven/resolver/maven-resolver-connector-basic/1.4.1/maven-resolver-connector-basic-1.4.1.jar:/home/lmolteni/.m2/repository/org/apache/maven/resolver/maven-resolver-transport-wagon/1.4.1/maven-resolver-transport-wagon-1.4.1.jar:/home/lmolteni/.m2/repository/org/apache/maven/wagon/wagon-http/3.3.4/wagon-http-3.3.4.jar:/home/lmolteni/.m2/repository/org/apache/maven/wagon/wagon-http-shared/3.3.4/wagon-http-shared-3.3.4.jar:/home/lmolteni/.m2/repository/org/jsoup/jsoup/1.12.1/jsoup-1.12.1.jar:/home/lmolteni/.m2/repository/org/apache/maven/wagon/wagon-provider-api/3.3.4/wagon-provider-api-3.3.4.jar:/home/lmolteni/.m2/repository/org/apache/maven/wagon/wagon-file/3.3.4/wagon-file-3.3.4.jar:/home/lmolteni/.m2/repository/org/eclipse/sisu/org.eclipse.sisu.inject/0.3.4/org.eclipse.sisu.inject-0.3.4.jar:/home/lmolteni/.m2/repository/io/quarkus/quarkus-test-common/1.6.0.Final/quarkus-test-common-1.6.0.Final.jar:/home/lmolteni/.m2/repository/io/quarkus/quarkus-core-deployment/1.6.0.Final/quarkus-core-deployment-1.6.0.Final.jar:/home/lmolteni/.m2/repository/io/quarkus/quarkus-devtools-utilities/1.6.0.Final/quarkus-devtools-utilities-1.6.0.Final.jar:/home/lmolteni/.m2/repository/io/quarkus/quarkus-builder/1.6.0.Final/quarkus-builder-1.6.0.Final.jar:/home/lmolteni/.m2/repository/io/quarkus/quarkus-jsonp-deployment/1.6.0.Final/quarkus-jsonp-deployment-1.6.0.Final.jar:/home/lmolteni/.m2/repository/io/quarkus/quarkus-jsonp/1.6.0.Final/quarkus-jsonp-1.6.0.Final.jar:/home/lmolteni/.m2/repository/org/glassfish/jakarta.json/1.1.6/jakarta.json-1.1.6.jar:/home/lmolteni/.m2/repository/org/jboss/logging/commons-logging-jboss-logging/1.0.0.Final/commons-logging-jboss-logging-1.0.0.Final.jar:/home/lmolteni/.m2/repository/org/junit/jupiter/junit-jupiter/5.6.2/junit-jupiter-5.6.2.jar:/home/lmolteni/.m2/repository/org/junit/jupiter/junit-jupiter-api/5.6.2/junit-jupiter-api-5.6.2.jar:/home/lmolteni/.m2/repository/org/apiguardian/apiguardian-api/1.1.0/apiguardian-api-1.1.0.jar:/home/lmolteni/.m2/repository/org/opentest4j/opentest4j/1.2.0/opentest4j-1.2.0.jar:/home/lmolteni/.m2/repository/org/junit/platform/junit-platform-commons/1.6.2/junit-platform-commons-1.6.2.jar:/home/lmolteni/.m2/repository/org/junit/jupiter/junit-jupiter-params/5.6.2/junit-jupiter-params-5.6.2.jar:/home/lmolteni/.m2/repository/org/junit/jupiter/junit-jupiter-engine/5.6.2/junit-jupiter-engine-5.6.2.jar:/home/lmolteni/.m2/repository/org/junit/platform/junit-platform-engine/1.6.2/junit-platform-engine-1.6.2.jar:/home/lmolteni/.m2/repository/com/thoughtworks/xstream/xstream/1.4.11.1/xstream-1.4.11.1.jar:/home/lmolteni/.m2/repository/xmlpull/xmlpull/1.1.3.1/xmlpull-1.1.3.1.jar:/home/lmolteni/.m2/repository/xpp3/xpp3_min/1.1.4c/xpp3_min-1.1.4c.jar:/home/lmolteni/.m2/repository/io/rest-assured/rest-assured/4.3.0/rest-assured-4.3.0.jar:/home/lmolteni/.m2/repository/org/codehaus/groovy/groovy/3.0.2/groovy-3.0.2.jar:/home/lmolteni/.m2/repository/org/codehaus/groovy/groovy-xml/3.0.2/groovy-xml-3.0.2.jar:/home/lmolteni/.m2/repository/org/apache/httpcomponents/httpclient/4.5.12/httpclient-4.5.12.jar:/home/lmolteni/.m2/repository/org/apache/httpcomponents/httpcore/4.4.13/httpcore-4.4.13.jar:/home/lmolteni/.m2/repository/commons-logging/commons-logging/1.2/commons-logging-1.2.jar:/home/lmolteni/.m2/repository/commons-codec/commons-codec/1.14/commons-codec-1.14.jar:/home/lmolteni/.m2/repository/org/apache/httpcomponents/httpmime/4.5.3/httpmime-4.5.3.jar:/home/lmolteni/.m2/repository/org/hamcrest/hamcrest/2.1/hamcrest-2.1.jar:/home/lmolteni/.m2/repository/org/ccil/cowan/tagsoup/tagsoup/1.2.1/tagsoup-1.2.1.jar:/home/lmolteni/.m2/repository/io/rest-assured/json-path/4.3.0/json-path-4.3.0.jar:/home/lmolteni/.m2/repository/org/codehaus/groovy/groovy-json/3.0.2/groovy-json-3.0.2.jar:/home/lmolteni/.m2/repository/io/rest-assured/rest-assured-common/4.3.0/rest-assured-common-4.3.0.jar:/home/lmolteni/.m2/repository/io/rest-assured/xml-path/4.3.0/xml-path-4.3.0.jar:/home/lmolteni/.m2/repository/org/apache/commons/commons-lang3/3.9/commons-lang3-3.9.jar:/home/lmolteni/.m2/repository/jakarta/xml/bind/jakarta.xml.bind-api/2.3.2/jakarta.xml.bind-api-2.3.2.jar:/home/lmolteni/.m2/repository/jakarta/activation/jakarta.activation-api/1.2.1/jakarta.activation-api-1.2.1.jar:/home/lmolteni/.m2/repository/com/sun/xml/bind/jaxb-osgi/2.3.0.1/jaxb-osgi-2.3.0.1.jar:/home/lmolteni/.m2/repository/org/apache/sling/org.apache.sling.javax.activation/0.1.0/org.apache.sling.javax.activation-0.1.0.jar:/home/lmolteni/.m2/repository/javax/activation/activation/1.1.1/activation-1.1.1.jar:"/>
    <property name="sun.cpu.endian" value="little"/>
    <property name="user.home" value="/home/lmolteni"/>
    <property name="user.language" value="en"/>
    <property name="java.specification.vendor" value="Oracle Corporation"/>
    <property name="java.version.date" value="2019-01-15"/>
    <property name="java.home" value="/home/lmolteni/.jabba/jdk/openjdk@1.11.0"/>
    <property name="file.separator" value="/"/>
    <property name="basedir" value="/home/lmolteni/git/kogito-dmn-validator"/>
    <property name="java.vm.compressedOopsMode" value="Zero based"/>
    <property name="line.separator" value="&#10;"/>
    <property name="java.specification.name" value="Java Platform API Specification"/>
    <property name="java.vm.specification.vendor" value="Oracle Corporation"/>
    <property name="java.awt.graphicsenv" value="sun.awt.X11GraphicsEnvironment"/>
    <property name="surefire.real.class.path" value="/home/lmolteni/git/kogito-dmn-validator/target/surefire/surefirebooter4302282784528389051.jar"/>
    <property name="tests.category" value=""/>
    <property name="sun.management.compiler" value="HotSpot 64-Bit Tiered Compilers"/>
    <property name="java.runtime.version" value="11.0.2+9"/>
    <property name="user.name" value="lmolteni"/>
    <property name="path.separator" value=":"/>
    <property name="os.version" value="5.6.19-300.fc32.x86_64"/>
    <property name="java.runtime.name" value="OpenJDK Runtime Environment"/>
    <property name="file.encoding" value="UTF-8"/>
    <property name="java.vm.name" value="OpenJDK 64-Bit Server VM"/>
    <property name="java.vendor.version" value="18.9"/>
    <property name="localRepository" value="/home/lmolteni/.m2/repository"/>
    <property name="java.vendor.url.bug" value="http://bugreport.java.com/bugreport/"/>
    <property name="java.io.tmpdir" value="/tmp"/>
    <property name="java.version" value="11.0.2"/>
    <property name="user.dir" value="/home/lmolteni/git/kogito-dmn-validator"/>
    <property name="os.arch" value="amd64"/>
    <property name="java.vm.specification.name" value="Java Virtual Machine Specification"/>
    <property name="java.awt.printerjob" value="sun.print.PSPrinterJob"/>
    <property name="sun.os.patch.level" value="unknown"/>
    <property name="java.util.logging.manager" value="org.jboss.logmanager.LogManager"/>
    <property name="java.library.path" value="/usr/java/packages/lib:/usr/lib64:/lib64:/lib:/usr/lib"/>
    <property name="java.vendor" value="Oracle Corporation"/>
    <property name="java.vm.info" value="mixed mode"/>
    <property name="java.vm.version" value="11.0.2+9"/>
    <property name="sun.io.unicode.encoding" value="UnicodeLittle"/>
    <property name="java.class.version" value="55.0"/>
  </properties>
  <testcase name="testNotApproved" classname="org.kie.kogito.RestQueryTest" time="2.935"/>
  <testcase name="testApproved" classname="org.kie.kogito.RestQueryTest" time="0.049"/>
</testsuite>